Using pre-set license
Built from '2020.3/staging' branch; Version is '2020.3.33f1 (915a7af8b0d5) revision 9525882'; Using compiler version '192528614'; Build Type 'Release'
OS: 'Windows 10  (10.0.19044) 64bit CoreSingleLanguage' Language: 'es' Physical Memory: 16177 MB
BatchMode: 1, IsHumanControllingUs: 0, StartBugReporterOnCrash: 0, Is64bit: 1, IsPro: 0

COMMAND LINE ARGUMENTS:
C:\Program Files\Unity\Hub\Editor\2020.3.33f1\Editor\Unity.exe
-adb2
-batchMode
-noUpm
-name
AssetImportWorker0
-projectPath
D:/Projects/Miquiztli/Repositorios/MiquiztliProto/ProtoMiquiztli
-logFile
Logs/AssetImportWorker0.log
-srvPort
58556
Successfully changed project path to: D:/Projects/Miquiztli/Repositorios/MiquiztliProto/ProtoMiquiztli
D:/Projects/Miquiztli/Repositorios/MiquiztliProto/ProtoMiquiztli
Using Asset Import Pipeline V2.
Refreshing native plugins compatible for Editor in 33.40 ms, found 2 plugins.
Preloading 0 native plugins for Editor in 0.00 ms.
Initialize engine version: 2020.3.33f1 (915a7af8b0d5)
[Subsystems] Discovering subsystems at path C:/Program Files/Unity/Hub/Editor/2020.3.33f1/Editor/Data/Resources/UnitySubsystems
[Subsystems] Discovering subsystems at path D:/Projects/Miquiztli/Repositorios/MiquiztliProto/ProtoMiquiztli/Assets
GfxDevice: creating device client; threaded=0
Direct3D:
    Version:  Direct3D 11.0 [level 11.1]
    Renderer: NVIDIA GeForce GTX 1650 Ti (ID=0x1f95)
    Vendor:   
    VRAM:     3962 MB
    Driver:   30.0.15.1169
Initialize mono
Mono path[0] = 'C:/Program Files/Unity/Hub/Editor/2020.3.33f1/Editor/Data/Managed'
Mono path[1] = 'C:/Program Files/Unity/Hub/Editor/2020.3.33f1/Editor/Data/MonoBleedingEdge/lib/mono/unityjit'
Mono config path = 'C:/Program Files/Unity/Hub/Editor/2020.3.33f1/Editor/Data/MonoBleedingEdge/etc'
Using monoOptions --debugger-agent=transport=dt_socket,embedding=1,server=y,suspend=n,address=127.0.0.1:56148
Begin MonoManager ReloadAssembly
Registering precompiled unity dll's ...
Register platform support module: C:/Program Files/Unity/Hub/Editor/2020.3.33f1/Editor/Data/PlaybackEngines/WebGLSupport/UnityEditor.WebGL.Extensions.dll
Register platform support module: C:/Program Files/Unity/Hub/Editor/2020.3.33f1/Editor/Data/PlaybackEngines/WindowsStandaloneSupport/UnityEditor.WindowsStandalone.Extensions.dll
Registered in 0.004382 seconds.
Native extension for WindowsStandalone target not found
Native extension for WebGL target not found
Refreshing native plugins compatible for Editor in 31.62 ms, found 2 plugins.
Preloading 0 native plugins for Editor in 0.00 ms.
Mono: successfully reloaded assembly
- Completed reload, in  0.624 seconds
Domain Reload Profiling:
	ReloadAssembly (624ms)
		BeginReloadAssembly (80ms)
			ExecutionOrderSort (0ms)
			DisableScriptedObjects (0ms)
			BackupInstance (0ms)
			ReleaseScriptingObjects (0ms)
			CreateAndSetChildDomain (1ms)
		EndReloadAssembly (463ms)
			LoadAssemblies (78ms)
			RebuildTransferFunctionScriptingTraits (0ms)
			SetupTypeCache (145ms)
			ReleaseScriptCaches (0ms)
			RebuildScriptCaches (30ms)
			SetupLoadedEditorAssemblies (178ms)
				LogAssemblyErrors (0ms)
				InitializePlatformSupportModulesInManaged (7ms)
				SetLoadedEditorAssemblies (0ms)
				RefreshPlugins (32ms)
				BeforeProcessingInitializeOnLoad (18ms)
				ProcessInitializeOnLoadAttributes (91ms)
				ProcessInitializeOnLoadMethodAttributes (30ms)
				AfterProcessingInitializeOnLoad (0ms)
				EditorAssembliesLoaded (0ms)
			ExecutionOrderSort2 (0ms)
			AwakeInstancesAfterBackupRestoration (0ms)
Platform modules already initialized, skipping
Registering precompiled user dll's ...
Registered in 0.004170 seconds.
Begin MonoManager ReloadAssembly
Symbol file LoadedFromMemory doesn't match image D:\Projects\Miquiztli\Repositorios\MiquiztliProto\ProtoMiquiztli\Library\PackageCache\com.unity.collab-proxy@1.15.15\Lib\Editor\PlasticSCM\unityplastic.dll
Native extension for WindowsStandalone target not found
Native extension for WebGL target not found
Refreshing native plugins compatible for Editor in 0.27 ms, found 2 plugins.
Preloading 0 native plugins for Editor in 0.00 ms.
Mono: successfully reloaded assembly
- Completed reload, in  0.979 seconds
Domain Reload Profiling:
	ReloadAssembly (980ms)
		BeginReloadAssembly (163ms)
			ExecutionOrderSort (0ms)
			DisableScriptedObjects (5ms)
			BackupInstance (0ms)
			ReleaseScriptingObjects (0ms)
			CreateAndSetChildDomain (16ms)
		EndReloadAssembly (754ms)
			LoadAssemblies (111ms)
			RebuildTransferFunctionScriptingTraits (0ms)
			SetupTypeCache (274ms)
			ReleaseScriptCaches (0ms)
			RebuildScriptCaches (40ms)
			SetupLoadedEditorAssemblies (277ms)
				LogAssemblyErrors (0ms)
				InitializePlatformSupportModulesInManaged (5ms)
				SetLoadedEditorAssemblies (0ms)
				RefreshPlugins (0ms)
				BeforeProcessingInitializeOnLoad (77ms)
				ProcessInitializeOnLoadAttributes (178ms)
				ProcessInitializeOnLoadMethodAttributes (8ms)
				AfterProcessingInitializeOnLoad (8ms)
				EditorAssembliesLoaded (0ms)
			ExecutionOrderSort2 (0ms)
			AwakeInstancesAfterBackupRestoration (6ms)
Platform modules already initialized, skipping
========================================================================
Worker process is ready to serve import requests
Launched and connected shader compiler UnityShaderCompiler.exe after 0.06 seconds
Refreshing native plugins compatible for Editor in 0.36 ms, found 2 plugins.
Preloading 0 native plugins for Editor in 0.00 ms.
Unloading 1508 Unused Serialized files (Serialized files now loaded: 0)
System memory in use before: 68.6 MB.
System memory in use after: 68.6 MB.

Unloading 16 unused Assets to reduce memory usage. Loaded Objects now: 1944.
Total: 3.564500 ms (FindLiveObjects: 0.250400 ms CreateObjectMapping: 0.097500 ms MarkObjects: 3.145300 ms  DeleteObjects: 0.069900 ms)

AssetImportParameters requested are different than current active one (requested -> active):
  custom:framework-win-MediaFoundation: 216162199b28c13a410421893ffa2e32 -> 
  custom:video-decoder-ogg-theora: a1e56fd34408186e4bbccfd4996cb3dc -> 
  custom:container-muxer-webm: aa71ff27fc2769a1b78a27578f13a17b -> 
  custom:container-demuxer-webm: 4f35f7cbe854078d1ac9338744f61a02 -> 
  custom:container-demuxer-ogg: 62fdf1f143b41e24485cea50d1cbac27 -> 
  custom:video-encoder-webm-vp8: eb34c28f22e8b96e1ab97ce403110664 -> 
  custom:video-decoder-webm-vp8: 9c59270c3fd7afecdb556c50c9e8de78 -> 
  custom:audio-decoder-ogg-vorbis: bf7c407c2cedff20999df2af8eb42d56 -> 
  custom:audio-encoder-webm-vorbis: bf7c407c2cedff20999df2af8eb42d56 -> 
========================================================================
Received Import Request.
  path: Assets/Scenes/SampleScene.unity
  artifactKey: Guid(9fc0d4010bbf28b4594072e72b8655ab) Importer(815301076,1909f56bfc062723c751e8b465ee728b)
Start importing Assets/Scenes/SampleScene.unity using Guid(9fc0d4010bbf28b4594072e72b8655ab) Importer(815301076,1909f56bfc062723c751e8b465ee728b)  -> (artifact id: '94c55409359c0051422e58de30b0573d') in 0.006613 seconds 
========================================================================
Received Import Request.
  Time since last request: 0.000173 seconds.
  path: Assets/Scenes
  artifactKey: Guid(12c16b68149105e4aa940acbe6f7e93b) Importer(815301076,1909f56bfc062723c751e8b465ee728b)
Start importing Assets/Scenes using Guid(12c16b68149105e4aa940acbe6f7e93b) Importer(815301076,1909f56bfc062723c751e8b465ee728b)  -> (artifact id: 'e7156f96f34ad93b901590d8e21a3638') in 0.003880 seconds 
========================================================================
Received Import Request.
  Time since last request: 13.100718 seconds.
  path: Assets/Scenes/TitleScreen.unity
  artifactKey: Guid(9fc0d4010bbf28b4594072e72b8655ab) Importer(815301076,1909f56bfc062723c751e8b465ee728b)
Start importing Assets/Scenes/TitleScreen.unity using Guid(9fc0d4010bbf28b4594072e72b8655ab) Importer(815301076,1909f56bfc062723c751e8b465ee728b)  -> (artifact id: 'd9145e4ae9f19b28a725ff320563a9fc') in 0.004722 seconds 
========================================================================
Received Import Request.
  Time since last request: 4.617207 seconds.
  path: Assets
  artifactKey: Guid(00000000000000001000000000000000) Importer(815301076,1909f56bfc062723c751e8b465ee728b)
Start importing Assets using Guid(00000000000000001000000000000000) Importer(815301076,1909f56bfc062723c751e8b465ee728b)  -> (artifact id: '42d402b061de3733987d63b9cc3b64de') in 0.005777 seconds 
========================================================================
Received Import Request.
  Time since last request: 5.761103 seconds.
  path: Assets/Scripts
  artifactKey: Guid(99a6f6cf7b2d9dc48aafd94db1253d7d) Importer(815301076,1909f56bfc062723c751e8b465ee728b)
Start importing Assets/Scripts using Guid(99a6f6cf7b2d9dc48aafd94db1253d7d) Importer(815301076,1909f56bfc062723c751e8b465ee728b)  -> (artifact id: '39f39df48f838622518e2bdd47e532a7') in 0.006105 seconds 
========================================================================
Received Import Request.
  Time since last request: 8.072745 seconds.
  path: Assets/Materials
  artifactKey: Guid(14e254c44d045db42b21ecf166bc8c22) Importer(815301076,1909f56bfc062723c751e8b465ee728b)
Start importing Assets/Materials using Guid(14e254c44d045db42b21ecf166bc8c22) Importer(815301076,1909f56bfc062723c751e8b465ee728b)  -> (artifact id: '37ab1458597ae17d24bd79a7bbbaaca2') in 0.005037 seconds 
========================================================================
Received Import Request.
  Time since last request: 11.098487 seconds.
  path: Assets/Fbx
  artifactKey: Guid(1e1f51824abba81459aa173cf0bebd42) Importer(815301076,1909f56bfc062723c751e8b465ee728b)
Start importing Assets/Fbx using Guid(1e1f51824abba81459aa173cf0bebd42) Importer(815301076,1909f56bfc062723c751e8b465ee728b)  -> (artifact id: '1bc6d215827928fa2a36893ef4a5c803') in 0.007320 seconds 
========================================================================
Received Import Request.
  Time since last request: 6.117002 seconds.
  path: Assets/Prefabs
  artifactKey: Guid(ed2cbec15c02f3c419a42b060a95883a) Importer(815301076,1909f56bfc062723c751e8b465ee728b)
Start importing Assets/Prefabs using Guid(ed2cbec15c02f3c419a42b060a95883a) Importer(815301076,1909f56bfc062723c751e8b465ee728b)  -> (artifact id: '36b83e6a5dd60579fd13596e2190b1a5') in 0.005970 seconds 
========================================================================
Received Import Request.
  Time since last request: 9.595646 seconds.
  path: Assets/Sounds
  artifactKey: Guid(a205c8c671df870468a6811835fced5f) Importer(815301076,1909f56bfc062723c751e8b465ee728b)
Start importing Assets/Sounds using Guid(a205c8c671df870468a6811835fced5f) Importer(815301076,1909f56bfc062723c751e8b465ee728b)  -> (artifact id: 'e669f7512efc8923b6ff5147e09b22e4') in 0.006666 seconds 
========================================================================
Received Import Request.
  Time since last request: 7.958736 seconds.
  path: Assets/Video
  artifactKey: Guid(e2a776061783784479e328232d594163) Importer(815301076,1909f56bfc062723c751e8b465ee728b)
Start importing Assets/Video using Guid(e2a776061783784479e328232d594163) Importer(815301076,1909f56bfc062723c751e8b465ee728b)  -> (artifact id: 'd5800c424c074c90396ec3696dc246cb') in 0.029672 seconds 
========================================================================
Received Import Request.
  Time since last request: 40.730562 seconds.
  path: Assets/IMGs
  artifactKey: Guid(9c1a40031b4b58744a0986df9b922640) Importer(815301076,1909f56bfc062723c751e8b465ee728b)
Start importing Assets/IMGs using Guid(9c1a40031b4b58744a0986df9b922640) Importer(815301076,1909f56bfc062723c751e8b465ee728b)  -> (artifact id: '4e62efb58c6a4d16a74d38cffa46f489') in 0.006090 seconds 
========================================================================
Received Import Request.
  Time since last request: 16.280214 seconds.
  path: Assets/IMGs/UI
  artifactKey: Guid(96a0853fe4187014d9ea3ac0f76c1b0a) Importer(815301076,1909f56bfc062723c751e8b465ee728b)
Start importing Assets/IMGs/UI using Guid(96a0853fe4187014d9ea3ac0f76c1b0a) Importer(815301076,1909f56bfc062723c751e8b465ee728b)  -> (artifact id: '2c15c425956b52774c9f14f1a5c6e2ac') in 0.005799 seconds 
========================================================================
Received Import Request.
  Time since last request: 15.250073 seconds.
  path: Assets/Video/TitleScreen
  artifactKey: Guid(c2062cf100344b54fb0c057849708569) Importer(815301076,1909f56bfc062723c751e8b465ee728b)
Start importing Assets/Video/TitleScreen using Guid(c2062cf100344b54fb0c057849708569) Importer(815301076,1909f56bfc062723c751e8b465ee728b)  -> (artifact id: '6fc5cb3d33b419c68a1d3344c2a746df') in 0.016394 seconds 
========================================================================
Received Import Request.
  Time since last request: 39.107988 seconds.
  path: Assets/IMGs/UI/TitleScreen (1).mp4
  artifactKey: Guid(a945f98ff1f0b6f498602bcd95f2aacf) Importer(815301076,1909f56bfc062723c751e8b465ee728b)
Start importing Assets/IMGs/UI/TitleScreen (1).mp4 using Guid(a945f98ff1f0b6f498602bcd95f2aacf) Importer(815301076,1909f56bfc062723c751e8b465ee728b)  -> (artifact id: '54eff1fcf79f9414dc43b67b8c69ad2d') in 0.040363 seconds 
========================================================================
Received Import Request.
  Time since last request: 6.750280 seconds.
  path: Assets/IMGs/UI/TitleScreenBG.mp4
  artifactKey: Guid(a945f98ff1f0b6f498602bcd95f2aacf) Importer(815301076,1909f56bfc062723c751e8b465ee728b)
Start importing Assets/IMGs/UI/TitleScreenBG.mp4 using Guid(a945f98ff1f0b6f498602bcd95f2aacf) Importer(815301076,1909f56bfc062723c751e8b465ee728b)  -> (artifact id: '7e2136ee54837770056622e3d2771407') in 0.026946 seconds 
========================================================================
Received Import Request.
  Time since last request: 15.157089 seconds.
  path: Assets/IMGs/UI/TitleScreenBGAberration.mp4
  artifactKey: Guid(a945f98ff1f0b6f498602bcd95f2aacf) Importer(815301076,1909f56bfc062723c751e8b465ee728b)
Start importing Assets/IMGs/UI/TitleScreenBGAberration.mp4 using Guid(a945f98ff1f0b6f498602bcd95f2aacf) Importer(815301076,1909f56bfc062723c751e8b465ee728b)  -> (artifact id: '34226f286f0b64da7f4bc57b92eea2b9') in 0.004682 seconds 
========================================================================
Received Import Request.
  Time since last request: 15.974183 seconds.
  path: Assets/IMGs/UI/CursoOliver 2022-04-19 15-07-25.mp4
  artifactKey: Guid(dc807c987ec70654a9aa14a84c3aee5b) Importer(815301076,1909f56bfc062723c751e8b465ee728b)
Start importing Assets/IMGs/UI/CursoOliver 2022-04-19 15-07-25.mp4 using Guid(dc807c987ec70654a9aa14a84c3aee5b) Importer(815301076,1909f56bfc062723c751e8b465ee728b)  -> (artifact id: '36947d84b3e4a8f25b1aec9af632be7b') in 0.004150 seconds 
========================================================================
Received Import Request.
  Time since last request: 8.672573 seconds.
  path: Assets/IMGs/UI/TitleSceenBG.mp4
  artifactKey: Guid(dc807c987ec70654a9aa14a84c3aee5b) Importer(815301076,1909f56bfc062723c751e8b465ee728b)
Start importing Assets/IMGs/UI/TitleSceenBG.mp4 using Guid(dc807c987ec70654a9aa14a84c3aee5b) Importer(815301076,1909f56bfc062723c751e8b465ee728b)  -> (artifact id: '8dff7b638a248b98a95b6d325daf3351') in 0.004804 seconds 
========================================================================
Received Import Request.
  Time since last request: 72.984936 seconds.
  path: Assets/IMGs/UI/White_Version@4x.png
  artifactKey: Guid(6985ec76da50cca4696fa0a43d4b850d) Importer(815301076,1909f56bfc062723c751e8b465ee728b)
Start importing Assets/IMGs/UI/White_Version@4x.png using Guid(6985ec76da50cca4696fa0a43d4b850d) Importer(815301076,1909f56bfc062723c751e8b465ee728b)  -> (artifact id: 'dcf94a95b5aa4bbaddbd955f3c68c07e') in 0.042560 seconds 
========================================================================
Received Import Request.
  Time since last request: 0.989628 seconds.
  path: Assets/IMGs/UI/Black_Version@4x.png
  artifactKey: Guid(881e772674810bb4daeca7812e9c18d2) Importer(815301076,1909f56bfc062723c751e8b465ee728b)
Start importing Assets/IMGs/UI/Black_Version@4x.png using Guid(881e772674810bb4daeca7812e9c18d2) Importer(815301076,1909f56bfc062723c751e8b465ee728b)  -> (artifact id: '25180607b7d0ceecb2c8d85b12255760') in 0.012920 seconds 
========================================================================
Received Import Request.
  Time since last request: 142.909592 seconds.
  path: Assets/IMGs/UI/Asset 8@2x.png
  artifactKey: Guid(3b2e807858aab984995849109abb2fc6) Importer(815301076,1909f56bfc062723c751e8b465ee728b)
Start importing Assets/IMGs/UI/Asset 8@2x.png using Guid(3b2e807858aab984995849109abb2fc6) Importer(815301076,1909f56bfc062723c751e8b465ee728b)  -> (artifact id: '4255ef99e1b3f232aa8e659c7e0c80e0') in 0.013256 seconds 
========================================================================
Received Import Request.
  Time since last request: 7.762570 seconds.
  path: Assets/IMGs/UI/Logox2.png
  artifactKey: Guid(3b2e807858aab984995849109abb2fc6) Importer(815301076,1909f56bfc062723c751e8b465ee728b)
Start importing Assets/IMGs/UI/Logox2.png using Guid(3b2e807858aab984995849109abb2fc6) Importer(815301076,1909f56bfc062723c751e8b465ee728b)  -> (artifact id: 'e58499a91211109d64c0b1d0e5e59787') in 0.010841 seconds 
